<?xml version="1.0" encoding="UTF-8"?>
<!-- Generated by org.testng.reporters.JUnitXMLReporter -->
<testsuite hostname="ZMO-WIN-AishwaryaT-01" ignored="0" name="Command line test" tests="6" failures="0" timestamp="01 Dec 2021 11:09:47 GMT" time="0.04" errors="0">
  <testcase name="IOSApp" time="0.009" classname="mavenAssignment.AppiumTest"/>
  <testcase name="NativeApp" time="0.001" classname="mavenAssignment.AppiumTest"/>
  <testcase name="deleteTwitter" time="0.001" classname="mavenAssignment.RESTTest"/>
  <testcase name="postJira" time="0.0" classname="mavenAssignment.RESTTest"/>
  <testcase name="BrowserAutomation" time="0.0" classname="mavenAssignment.SeleniumTest"/>
  <testcase name="ElementUi" time="0.0" classname="mavenAssignment.SeleniumTest"/>
</testsuite> <!-- Command line test -->
