<?xml version="1.0" encoding="UTF-8"?>
<!-- Generated by org.testng.reporters.JUnitXMLReporter -->
<testsuite hostname="ZMO-WIN-AishwaryaT-01" ignored="0" name="Test" tests="4" failures="0" timestamp="06 Dec 2021 11:01:44 GMT" time="0.079" errors="0">
  <testcase name="BrowserAutomation" time="0.014" classname="mavenAssignment.SeleniumTest"/>
  <testcase name="ElementUi" time="0.001" classname="mavenAssignment.SeleniumTest"/>
  <testcase name="deleteTwitter" time="0.001" classname="mavenAssignment.RESTTest"/>
  <testcase name="postJira" time="0.0" classname="mavenAssignment.RESTTest"/>
</testsuite> <!-- Test -->
