<?xml version="1.0" encoding="UTF-8"?>
<testng-results skipped="0" failed="0" ignored="0" total="4" passed="4">
  <reporter-output>
  </reporter-output>
  <suite name="Suite" duration-ms="79" started-at="2021-12-06T11:01:43Z" finished-at="2021-12-06T11:01:44Z">
    <groups>
    </groups>
    <test name="Test" duration-ms="79" started-at="2021-12-06T11:01:43Z" finished-at="2021-12-06T11:01:44Z">
      <class name="mavenAssignment.RESTTest">
        <test-method status="PASS" signature="deleteTwitter()[pri:0, instance:mavenAssignment.RESTTest@1a38c59b]" name="deleteTwitter" duration-ms="1" started-at="2021-12-06T11:01:44Z" finished-at="2021-12-06T11:01:44Z">
          <reporter-output>
          </reporter-output>
        </test-method> <!-- deleteTwitter -->
        <test-method status="PASS" signature="postJira()[pri:0, instance:mavenAssignment.RESTTest@1a38c59b]" name="postJira" duration-ms="0" started-at="2021-12-06T11:01:44Z" finished-at="2021-12-06T11:01:44Z">
          <reporter-output>
          </reporter-output>
        </test-method> <!-- postJira -->
      </class> <!-- mavenAssignment.RESTTest -->
      <class name="mavenAssignment.SeleniumTest">
        <test-method status="PASS" signature="BrowserAutomation()[pri:0, instance:mavenAssignment.SeleniumTest@448ff1a8]" name="BrowserAutomation" duration-ms="14" started-at="2021-12-06T11:01:44Z" finished-at="2021-12-06T11:01:44Z">
          <reporter-output>
          </reporter-output>
        </test-method> <!-- BrowserAutomation -->
        <test-method status="PASS" signature="ElementUi()[pri:0, instance:mavenAssignment.SeleniumTest@448ff1a8]" name="ElementUi" duration-ms="1" started-at="2021-12-06T11:01:44Z" finished-at="2021-12-06T11:01:44Z">
          <reporter-output>
          </reporter-output>
        </test-method> <!-- ElementUi -->
      </class> <!-- mavenAssignment.SeleniumTest -->
    </test> <!-- Test -->
  </suite> <!-- Suite -->
</testng-results>
